app/build/outputs/logs/manifest-merger-debug-report.txt
-- Merging decision tree log ---
manifest
ADDED from src\main\AndroidManifest.xml:2:1-38:12
	package
		ADDED from src\main\AndroidManifest.xml:3:5-25
		INJECTED from src\main\AndroidManifest.xml
		INJECTED from src\main\AndroidManifest.xml
	android:versionName
		INJECTED from src\main\AndroidManifest.xml
		INJECTED from src\main\AndroidManifest.xml
	xmlns:android
		ADDED from src\main\AndroidManifest.xml:2:11-69
	android:versionCode
		INJECTED from src\main\AndroidManifest.xml
		INJECTED from src\main\AndroidManifest.xml
uses-permission#android.permission.INTERNET
ADDED from src\main\AndroidManifest.xml:5:5-67
	android:name
		ADDED from src\main\AndroidManifest.xml:5:22-64
application
ADDED from src\main\AndroidManifest.xml:7:5-36:19
MERGED from [com.android.support:design:23.4.0] AndroidManifest.xml:22:5-20
MERGED from [com.android.support:support-v4:23.4.0] AndroidManifest.xml:22:5-20
MERGED from [com.android.support:appcompat-v7:23.4.0] AndroidManifest.xml:25:5-20
MERGED from [com.android.support:animated-vector-drawable:23.4.0] AndroidManifest.xml:7:5-20
MERGED from [com.android.support:support-vector-drawable:23.4.0] AndroidManifest.xml:7:5-20
	android:label
		ADDED from src\main\AndroidManifest.xml:10:9-41
	android:supportsRtl
		ADDED from src\main\AndroidManifest.xml:11:9-35
	android:allowBackup
		ADDED from src\main\AndroidManifest.xml:8:9-35
	android:icon
		ADDED from src\main\AndroidManifest.xml:9:9-43
	android:theme
		ADDED from src\main\AndroidManifest.xml:12:9-40
activity#mcaner.yds.Login
ADDED from src\main\AndroidManifest.xml:13:9-19:20
	android:screenOrientation
		ADDED from src\main\AndroidManifest.xml:13:42-78
	android:name
		ADDED from src\main\AndroidManifest.xml:13:19-40
intent-filter#android.intent.action.MAIN+android.intent.category.LAUNCHER
ADDED from src\main\AndroidManifest.xml:14:13-18:29
action#android.intent.action.MAIN
ADDED from src\main\AndroidManifest.xml:15:17-69
	android:name
		ADDED from src\main\AndroidManifest.xml:15:25-66
category#android.intent.category.LAUNCHER
ADDED from src\main\AndroidManifest.xml:17:17-77
	android:name
		ADDED from src\main\AndroidManifest.xml:17:27-74
activity#mcaner.yds.MainActivity
ADDED from src\main\AndroidManifest.xml:20:9-23:68
	android:label
		ADDED from src\main\AndroidManifest.xml:22:13-45
	android:theme
		ADDED from src\main\AndroidManifest.xml:23:13-56
	android:name
		ADDED from src\main\AndroidManifest.xml:21:13-41
activity#mcaner.yds.Home
ADDED from src\main\AndroidManifest.xml:24:9-124
	android:screenOrientation
		ADDED from src\main\AndroidManifest.xml:24:41-77
	android:theme
		ADDED from src\main\AndroidManifest.xml:24:78-121
	android:name
		ADDED from src\main\AndroidManifest.xml:24:19-39
activity#mcaner.yds.Examselect
ADDED from src\main\AndroidManifest.xml:25:9-129
	android:screenOrientation
		ADDED from src\main\AndroidManifest.xml:25:46-82
	android:theme
		ADDED from src\main\AndroidManifest.xml:25:83-126
	android:name
		ADDED from src\main\AndroidManifest.xml:25:19-45
activity#mcaner.yds.Category
ADDED from src\main\AndroidManifest.xml:26:9-127
	android:screenOrientation
		ADDED from src\main\AndroidManifest.xml:26:44-80
	android:theme
		ADDED from src\main\AndroidManifest.xml:26:81-124
	android:name
		ADDED from src\main\AndroidManifest.xml:26:19-43
activity#mcaner.yds.Register
ADDED from src\main\AndroidManifest.xml:27:9-127
	android:screenOrientation
		ADDED from src\main\AndroidManifest.xml:27:44-80
	android:theme
		ADDED from src\main\AndroidManifest.xml:27:81-124
	android:name
		ADDED from src\main\AndroidManifest.xml:27:19-43
activity#mcaner.yds.Profil
ADDED from src\main\AndroidManifest.xml:28:9-125
	android:screenOrientation
		ADDED from src\main\AndroidManifest.xml:28:42-78
	android:theme
		ADDED from src\main\AndroidManifest.xml:28:79-122
	android:name
		ADDED from src\main\AndroidManifest.xml:28:19-41
activity#mcaner.yds.Settings
ADDED from src\main\AndroidManifest.xml:29:9-127
	android:screenOrientation
		ADDED from src\main\AndroidManifest.xml:29:44-80
	android:theme
		ADDED from src\main\AndroidManifest.xml:29:81-124
	android:name
		ADDED from src\main\AndroidManifest.xml:29:19-43
activity#mcaner.yds.Statistics
ADDED from src\main\AndroidManifest.xml:30:9-130
	android:screenOrientation
		ADDED from src\main\AndroidManifest.xml:30:46-82
	android:theme
		ADDED from src\main\AndroidManifest.xml:30:83-126
	android:name
		ADDED from src\main\AndroidManifest.xml:30:19-45
activity#mcaner.yds.ExamScore
ADDED from src\main\AndroidManifest.xml:31:9-128
	android:screenOrientation
		ADDED from src\main\AndroidManifest.xml:31:45-81
	android:theme
		ADDED from src\main\AndroidManifest.xml:31:82-125
	android:name
		ADDED from src\main\AndroidManifest.xml:31:19-44
activity#mcaner.yds.OturumSinavi
ADDED from src\main\AndroidManifest.xml:32:9-35:68
	android:label
		ADDED from src\main\AndroidManifest.xml:34:13-65
	android:theme
		ADDED from src\main\AndroidManifest.xml:35:13-56
	android:name
		ADDED from src\main\AndroidManifest.xml:33:13-41
uses-sdk
INJECTED from src\main\AndroidManifest.xml reason: use-sdk injection requested
MERGED from [com.android.support:design:23.4.0] AndroidManifest.xml:20:5-43
MERGED from [com.android.support:recyclerview-v7:23.4.0] AndroidManifest.xml:20:5-43
MERGED from [com.android.support:support-v4:23.4.0] AndroidManifest.xml:20:5-43
MERGED from [com.android.support:appcompat-v7:23.4.0] AndroidManifest.xml:21:5-23:78
MERGED from [com.android.support:animated-vector-drawable:23.4.0] AndroidManifest.xml:5:5-44
MERGED from [com.android.support:support-vector-drawable:23.4.0] AndroidManifest.xml:5:5-43
	tools:overrideLibrary
		ADDED from [com.android.support:appcompat-v7:23.4.0] AndroidManifest.xml:23:9-75
	android:targetSdkVersion
		INJECTED from src\main\AndroidManifest.xml
		INJECTED from src\main\AndroidManifest.xml
	android:minSdkVersion
		INJECTED from src\main\AndroidManifest.xml
		INJECTED from src\main\AndroidManifest.xml